<?xml version="1.0" encoding="UTF-8"?>
<testsuite xmlns:xsi="http://www.w3.org/2001/XMLSchema-instance" xsi:noNamespaceSchemaLocation="https://maven.apache.org/surefire/maven-surefire-plugin/xsd/surefire-test-report-3.0.xsd" version="3.0" name="com.sm.bc.graalvm.parameterized.SM2SignatureParameterizedTest" time="5.017" tests="25" errors="0" skipped="0" failures="0">
  <properties>
[...]
</properties>
  <testcase name="testVerificationFailsWithModifiedMessage(String)[1]" classname="com.sm.bc.graalvm.parameterized.SM2SignatureParameterizedTest" time="0.299">
    <system-out><![CDATA[Successfully loaded SM-BC library with exports: [AbstractECMultiplier, Arrays, AsymmetricKeyParameter, BigIntegers, Bytes, CoordinateSystem, CryptoException, DataLengthException, ECConstants, ECCurveAbstractFp, ECCurveFp, ECDomainParameters, ECFieldElement, ECFieldElementFp, ECKeyParameters, ECPointAbstractFp, ECPointFp, ECPrivateKeyParameters, ECPublicKeyParameters, FixedPointCombMultiplier, Integers, InvalidCipherTextException, KDF, Pack, ParametersWithRandom, SM2, SM2Engine, SM2Mode, SM2Signer, SM3Digest, SecureRandom, SimpleECMultiplier]
Testing message integrity: "Original message"
  ✓ Java: Verification correctly fails with modified message
  ✓ JavaScript: Verification correctly fails with modified message
]]></system-out>
    <system-err><![CDATA[[To redirect Truffle log output to a file use one of the following options:
* '--log.file=<path>' if the option is passed using a guest language launcher.
* '-Dpolyglot.log.file=<path>' if the option is passed using the host Java launcher.
* Configure logging using the polyglot embedding API.]
[engine] WARNING: The polyglot engine uses a fallback runtime that does not support runtime compilation to native code.
Execution without runtime compilation will negatively impact the guest application performance.
The following cause was found: JVMCI is required to enable optimizations. Pass -XX:+EnableJVMCI as a virtual machine argument to the java executable to resolve this.
For more information see: https://www.graalvm.org/latest/reference-manual/embed-languages/.
To disable this warning use the '--engine.WarnInterpreterOnly=false' option or the '-Dpolyglot.engine.WarnInterpreterOnly=false' system property.
]]></system-err>
  </testcase>
  <testcase name="testVerificationFailsWithModifiedMessage(String)[2]" classname="com.sm.bc.graalvm.parameterized.SM2SignatureParameterizedTest" time="0.204">
    <system-out><![CDATA[Successfully loaded SM-BC library with exports: [AbstractECMultiplier, Arrays, AsymmetricKeyParameter, BigIntegers, Bytes, CoordinateSystem, CryptoException, DataLengthException, ECConstants, ECCurveAbstractFp, ECCurveFp, ECDomainParameters, ECFieldElement, ECFieldElementFp, ECKeyParameters, ECPointAbstractFp, ECPointFp, ECPrivateKeyParameters, ECPublicKeyParameters, FixedPointCombMultiplier, Integers, InvalidCipherTextException, KDF, Pack, ParametersWithRandom, SM2, SM2Engine, SM2Mode, SM2Signer, SM3Digest, SecureRandom, SimpleECMultiplier]
Testing message integrity: "Another test message"
  ✓ Java: Verification correctly fails with modified message
  ✓ JavaScript: Verification correctly fails with modified message
]]></system-out>
    <system-err><![CDATA[[To redirect Truffle log output to a file use one of the following options:
* '--log.file=<path>' if the option is passed using a guest language launcher.
* '-Dpolyglot.log.file=<path>' if the option is passed using the host Java launcher.
* Configure logging using the polyglot embedding API.]
[engine] WARNING: The polyglot engine uses a fallback runtime that does not support runtime compilation to native code.
Execution without runtime compilation will negatively impact the guest application performance.
The following cause was found: JVMCI is required to enable optimizations. Pass -XX:+EnableJVMCI as a virtual machine argument to the java executable to resolve this.
For more information see: https://www.graalvm.org/latest/reference-manual/embed-languages/.
To disable this warning use the '--engine.WarnInterpreterOnly=false' option or the '-Dpolyglot.engine.WarnInterpreterOnly=false' system property.
]]></system-err>
  </testcase>
  <testcase name="testVerificationFailsWithModifiedMessage(String)[3]" classname="com.sm.bc.graalvm.parameterized.SM2SignatureParameterizedTest" time="0.193">
    <system-out><![CDATA[Successfully loaded SM-BC library with exports: [AbstractECMultiplier, Arrays, AsymmetricKeyParameter, BigIntegers, Bytes, CoordinateSystem, CryptoException, DataLengthException, ECConstants, ECCurveAbstractFp, ECCurveFp, ECDomainParameters, ECFieldElement, ECFieldElementFp, ECKeyParameters, ECPointAbstractFp, ECPointFp, ECPrivateKeyParameters, ECPublicKeyParameters, FixedPointCombMultiplier, Integers, InvalidCipherTextException, KDF, Pack, ParametersWithRandom, SM2, SM2Engine, SM2Mode, SM2Signer, SM3Digest, SecureRandom, SimpleECMultiplier]
Testing message integrity: "数字签名完整性测试"
  ✓ Java: Verification correctly fails with modified message
  ✓ JavaScript: Verification correctly fails with modified message
]]></system-out>
    <system-err><![CDATA[[To redirect Truffle log output to a file use one of the following options:
* '--log.file=<path>' if the option is passed using a guest language launcher.
* '-Dpolyglot.log.file=<path>' if the option is passed using the host Java launcher.
* Configure logging using the polyglot embedding API.]
[engine] WARNING: The polyglot engine uses a fallback runtime that does not support runtime compilation to native code.
Execution without runtime compilation will negatively impact the guest application performance.
The following cause was found: JVMCI is required to enable optimizations. Pass -XX:+EnableJVMCI as a virtual machine argument to the java executable to resolve this.
For more information see: https://www.graalvm.org/latest/reference-manual/embed-languages/.
To disable this warning use the '--engine.WarnInterpreterOnly=false' option or the '-Dpolyglot.engine.WarnInterpreterOnly=false' system property.
]]></system-err>
  </testcase>
  <testcase name="testSignAndVerifyWithDifferentMessages(String)[1]" classname="com.sm.bc.graalvm.parameterized.SM2SignatureParameterizedTest" time="0.238">
    <system-out><![CDATA[Successfully loaded SM-BC library with exports: [AbstractECMultiplier, Arrays, AsymmetricKeyParameter, BigIntegers, Bytes, CoordinateSystem, CryptoException, DataLengthException, ECConstants, ECCurveAbstractFp, ECCurveFp, ECDomainParameters, ECFieldElement, ECFieldElementFp, ECKeyParameters, ECPointAbstractFp, ECPointFp, ECPrivateKeyParameters, ECPublicKeyParameters, FixedPointCombMultiplier, Integers, InvalidCipherTextException, KDF, Pack, ParametersWithRandom, SM2, SM2Engine, SM2Mode, SM2Signer, SM3Digest, SecureRandom, SimpleECMultiplier]
Testing message: ""
  ✓ Java sign -> Java verify: OK
  ✓ JavaScript sign -> JavaScript verify: OK
  ✓ Java sign -> JavaScript verify: OK
  ✓ JavaScript sign -> Java verify: OK
  ✓ Cross-language signature compatibility confirmed
]]></system-out>
    <system-err><![CDATA[[To redirect Truffle log output to a file use one of the following options:
* '--log.file=<path>' if the option is passed using a guest language launcher.
* '-Dpolyglot.log.file=<path>' if the option is passed using the host Java launcher.
* Configure logging using the polyglot embedding API.]
[engine] WARNING: The polyglot engine uses a fallback runtime that does not support runtime compilation to native code.
Execution without runtime compilation will negatively impact the guest application performance.
The following cause was found: JVMCI is required to enable optimizations. Pass -XX:+EnableJVMCI as a virtual machine argument to the java executable to resolve this.
For more information see: https://www.graalvm.org/latest/reference-manual/embed-languages/.
To disable this warning use the '--engine.WarnInterpreterOnly=false' option or the '-Dpolyglot.engine.WarnInterpreterOnly=false' system property.
]]></system-err>
  </testcase>
  <testcase name="testSignAndVerifyWithDifferentMessages(String)[2]" classname="com.sm.bc.graalvm.parameterized.SM2SignatureParameterizedTest" time="0.224">
    <system-out><![CDATA[Successfully loaded SM-BC library with exports: [AbstractECMultiplier, Arrays, AsymmetricKeyParameter, BigIntegers, Bytes, CoordinateSystem, CryptoException, DataLengthException, ECConstants, ECCurveAbstractFp, ECCurveFp, ECDomainParameters, ECFieldElement, ECFieldElementFp, ECKeyParameters, ECPointAbstractFp, ECPointFp, ECPrivateKeyParameters, ECPublicKeyParameters, FixedPointCombMultiplier, Integers, InvalidCipherTextException, KDF, Pack, ParametersWithRandom, SM2, SM2Engine, SM2Mode, SM2Signer, SM3Digest, SecureRandom, SimpleECMultiplier]
Testing message: "a"
  ✓ Java sign -> Java verify: OK
  ✓ JavaScript sign -> JavaScript verify: OK
  ✓ Java sign -> JavaScript verify: OK
  ✓ JavaScript sign -> Java verify: OK
  ✓ Cross-language signature compatibility confirmed
]]></system-out>
    <system-err><![CDATA[[To redirect Truffle log output to a file use one of the following options:
* '--log.file=<path>' if the option is passed using a guest language launcher.
* '-Dpolyglot.log.file=<path>' if the option is passed using the host Java launcher.
* Configure logging using the polyglot embedding API.]
[engine] WARNING: The polyglot engine uses a fallback runtime that does not support runtime compilation to native code.
Execution without runtime compilation will negatively impact the guest application performance.
The following cause was found: JVMCI is required to enable optimizations. Pass -XX:+EnableJVMCI as a virtual machine argument to the java executable to resolve this.
For more information see: https://www.graalvm.org/latest/reference-manual/embed-languages/.
To disable this warning use the '--engine.WarnInterpreterOnly=false' option or the '-Dpolyglot.engine.WarnInterpreterOnly=false' system property.
]]></system-err>
  </testcase>
  <testcase name="testSignAndVerifyWithDifferentMessages(String)[3]" classname="com.sm.bc.graalvm.parameterized.SM2SignatureParameterizedTest" time="0.191">
    <system-out><![CDATA[Successfully loaded SM-BC library with exports: [AbstractECMultiplier, Arrays, AsymmetricKeyParameter, BigIntegers, Bytes, CoordinateSystem, CryptoException, DataLengthException, ECConstants, ECCurveAbstractFp, ECCurveFp, ECDomainParameters, ECFieldElement, ECFieldElementFp, ECKeyParameters, ECPointAbstractFp, ECPointFp, ECPrivateKeyParameters, ECPublicKeyParameters, FixedPointCombMultiplier, Integers, InvalidCipherTextException, KDF, Pack, ParametersWithRandom, SM2, SM2Engine, SM2Mode, SM2Signer, SM3Digest, SecureRandom, SimpleECMultiplier]
Testing message: "abc"
  ✓ Java sign -> Java verify: OK
  ✓ JavaScript sign -> JavaScript verify: OK
  ✓ Java sign -> JavaScript verify: OK
  ✓ JavaScript sign -> Java verify: OK
  ✓ Cross-language signature compatibility confirmed
]]></system-out>
    <system-err><![CDATA[[To redirect Truffle log output to a file use one of the following options:
* '--log.file=<path>' if the option is passed using a guest language launcher.
* '-Dpolyglot.log.file=<path>' if the option is passed using the host Java launcher.
* Configure logging using the polyglot embedding API.]
[engine] WARNING: The polyglot engine uses a fallback runtime that does not support runtime compilation to native code.
Execution without runtime compilation will negatively impact the guest application performance.
The following cause was found: JVMCI is required to enable optimizations. Pass -XX:+EnableJVMCI as a virtual machine argument to the java executable to resolve this.
For more information see: https://www.graalvm.org/latest/reference-manual/embed-languages/.
To disable this warning use the '--engine.WarnInterpreterOnly=false' option or the '-Dpolyglot.engine.WarnInterpreterOnly=false' system property.
]]></system-err>
  </testcase>
  <testcase name="testSignAndVerifyWithDifferentMessages(String)[4]" classname="com.sm.bc.graalvm.parameterized.SM2SignatureParameterizedTest" time="0.196">
    <system-out><![CDATA[Successfully loaded SM-BC library with exports: [AbstractECMultiplier, Arrays, AsymmetricKeyParameter, BigIntegers, Bytes, CoordinateSystem, CryptoException, DataLengthException, ECConstants, ECCurveAbstractFp, ECCurveFp, ECDomainParameters, ECFieldElement, ECFieldElementFp, ECKeyParameters, ECPointAbstractFp, ECPointFp, ECPrivateKeyParameters, ECPublicKeyParameters, FixedPointCombMultiplier, Integers, InvalidCipherTextException, KDF, Pack, ParametersWithRandom, SM2, SM2Engine, SM2Mode, SM2Signer, SM3Digest, SecureRandom, SimpleECMultiplier]
Testing message: "message digest"
  ✓ Java sign -> Java verify: OK
  ✓ JavaScript sign -> JavaScript verify: OK
  ✓ Java sign -> JavaScript verify: OK
  ✓ JavaScript sign -> Java verify: OK
  ✓ Cross-language signature compatibility confirmed
]]></system-out>
    <system-err><![CDATA[[To redirect Truffle log output to a file use one of the following options:
* '--log.file=<path>' if the option is passed using a guest language launcher.
* '-Dpolyglot.log.file=<path>' if the option is passed using the host Java launcher.
* Configure logging using the polyglot embedding API.]
[engine] WARNING: The polyglot engine uses a fallback runtime that does not support runtime compilation to native code.
Execution without runtime compilation will negatively impact the guest application performance.
The following cause was found: JVMCI is required to enable optimizations. Pass -XX:+EnableJVMCI as a virtual machine argument to the java executable to resolve this.
For more information see: https://www.graalvm.org/latest/reference-manual/embed-languages/.
To disable this warning use the '--engine.WarnInterpreterOnly=false' option or the '-Dpolyglot.engine.WarnInterpreterOnly=false' system property.
]]></system-err>
  </testcase>
  <testcase name="testSignAndVerifyWithDifferentMessages(String)[5]" classname="com.sm.bc.graalvm.parameterized.SM2SignatureParameterizedTest" time="0.202">
    <system-out><![CDATA[Successfully loaded SM-BC library with exports: [AbstractECMultiplier, Arrays, AsymmetricKeyParameter, BigIntegers, Bytes, CoordinateSystem, CryptoException, DataLengthException, ECConstants, ECCurveAbstractFp, ECCurveFp, ECDomainParameters, ECFieldElement, ECFieldElementFp, ECKeyParameters, ECPointAbstractFp, ECPointFp, ECPrivateKeyParameters, ECPublicKeyParameters, FixedPointCombMultiplier, Integers, InvalidCipherTextException, KDF, Pack, ParametersWithRandom, SM2, SM2Engine, SM2Mode, SM2Signer, SM3Digest, SecureRandom, SimpleECMultiplier]
Testing message: "The quick brown fox jumps over the lazy dog"
  ✓ Java sign -> Java verify: OK
  ✓ JavaScript sign -> JavaScript verify: OK
  ✓ Java sign -> JavaScript verify: OK
  ✓ JavaScript sign -> Java verify: OK
  ✓ Cross-language signature compatibility confirmed
]]></system-out>
    <system-err><![CDATA[[To redirect Truffle log output to a file use one of the following options:
* '--log.file=<path>' if the option is passed using a guest language launcher.
* '-Dpolyglot.log.file=<path>' if the option is passed using the host Java launcher.
* Configure logging using the polyglot embedding API.]
[engine] WARNING: The polyglot engine uses a fallback runtime that does not support runtime compilation to native code.
Execution without runtime compilation will negatively impact the guest application performance.
The following cause was found: JVMCI is required to enable optimizations. Pass -XX:+EnableJVMCI as a virtual machine argument to the java executable to resolve this.
For more information see: https://www.graalvm.org/latest/reference-manual/embed-languages/.
To disable this warning use the '--engine.WarnInterpreterOnly=false' option or the '-Dpolyglot.engine.WarnInterpreterOnly=false' system property.
]]></system-err>
  </testcase>
  <testcase name="testSignAndVerifyWithDifferentMessages(String)[6]" classname="com.sm.bc.graalvm.parameterized.SM2SignatureParameterizedTest" time="0.193">
    <system-out><![CDATA[Successfully loaded SM-BC library with exports: [AbstractECMultiplier, Arrays, AsymmetricKeyParameter, BigIntegers, Bytes, CoordinateSystem, CryptoException, DataLengthException, ECConstants, ECCurveAbstractFp, ECCurveFp, ECDomainParameters, ECFieldElement, ECFieldElementFp, ECKeyParameters, ECPointAbstractFp, ECPointFp, ECPrivateKeyParameters, ECPublicKeyParameters, FixedPointCombMultiplier, Integers, InvalidCipherTextException, KDF, Pack, ParametersWithRandom, SM2, SM2Engine, SM2Mode, SM2Signer, SM3Digest, SecureRandom, SimpleECMultiplier]
Testing message: "SM2数字签名算法测试"
  ✓ Java sign -> Java verify: OK
  ✓ JavaScript sign -> JavaScript verify: OK
  ✓ Java sign -> JavaScript verify: OK
  ✓ JavaScript sign -> Java verify: OK
  ✓ Cross-language signature compatibility confirmed
]]></system-out>
    <system-err><![CDATA[[To redirect Truffle log output to a file use one of the following options:
* '--log.file=<path>' if the option is passed using a guest language launcher.
* '-Dpolyglot.log.file=<path>' if the option is passed using the host Java launcher.
* Configure logging using the polyglot embedding API.]
[engine] WARNING: The polyglot engine uses a fallback runtime that does not support runtime compilation to native code.
Execution without runtime compilation will negatively impact the guest application performance.
The following cause was found: JVMCI is required to enable optimizations. Pass -XX:+EnableJVMCI as a virtual machine argument to the java executable to resolve this.
For more information see: https://www.graalvm.org/latest/reference-manual/embed-languages/.
To disable this warning use the '--engine.WarnInterpreterOnly=false' option or the '-Dpolyglot.engine.WarnInterpreterOnly=false' system property.
]]></system-err>
  </testcase>
  <testcase name="testSignAndVerifyWithDifferentMessages(String)[7]" classname="com.sm.bc.graalvm.parameterized.SM2SignatureParameterizedTest" time="0.193">
    <system-out><![CDATA[Successfully loaded SM-BC library with exports: [AbstractECMultiplier, Arrays, AsymmetricKeyParameter, BigIntegers, Bytes, CoordinateSystem, CryptoException, DataLengthException, ECConstants, ECCurveAbstractFp, ECCurveFp, ECDomainParameters, ECFieldElement, ECFieldElementFp, ECKeyParameters, ECPointAbstractFp, ECPointFp, ECPrivateKeyParameters, ECPublicKeyParameters, FixedPointCombMultiplier, Integers, InvalidCipherTextException, KDF, Pack, ParametersWithRandom, SM2, SM2Engine, SM2Mode, SM2Signer, SM3Digest, SecureRandom, SimpleECMultiplier]
Testing message: "🔐 Secure Signature Test 🔏"
  ✓ Java sign -> Java verify: OK
  ✓ JavaScript sign -> JavaScript verify: OK
  ✓ Java sign -> JavaScript verify: OK
  ✓ JavaScript sign -> Java verify: OK
  ✓ Cross-language signature compatibility confirmed
]]></system-out>
    <system-err><![CDATA[[To redirect Truffle log output to a file use one of the following options:
* '--log.file=<path>' if the option is passed using a guest language launcher.
* '-Dpolyglot.log.file=<path>' if the option is passed using the host Java launcher.
* Configure logging using the polyglot embedding API.]
[engine] WARNING: The polyglot engine uses a fallback runtime that does not support runtime compilation to native code.
Execution without runtime compilation will negatively impact the guest application performance.
The following cause was found: JVMCI is required to enable optimizations. Pass -XX:+EnableJVMCI as a virtual machine argument to the java executable to resolve this.
For more information see: https://www.graalvm.org/latest/reference-manual/embed-languages/.
To disable this warning use the '--engine.WarnInterpreterOnly=false' option or the '-Dpolyglot.engine.WarnInterpreterOnly=false' system property.
]]></system-err>
  </testcase>
  <testcase name="testSignAndVerifyWithDifferentMessages(String)[8]" classname="com.sm.bc.graalvm.parameterized.SM2SignatureParameterizedTest" time="0.194">
    <system-out><![CDATA[Successfully loaded SM-BC library with exports: [AbstractECMultiplier, Arrays, AsymmetricKeyParameter, BigIntegers, Bytes, CoordinateSystem, CryptoException, DataLengthException, ECConstants, ECCurveAbstractFp, ECCurveFp, ECDomainParameters, ECFieldElement, ECFieldElementFp, ECKeyParameters, ECPointAbstractFp, ECPointFp, ECPrivateKeyParameters, ECPublicKeyParameters, FixedPointCombMultiplier, Integers, InvalidCipherTextException, KDF, Pack, ParametersWithRandom, SM2, SM2Engine, SM2Mode, SM2Signer, SM3Digest, SecureRandom, SimpleECMultiplier]
Testing message: "Lorem ipsum dolor sit amet, consectetur adipiscing elit, sed do eiusmod tempor incididunt ut labore et dolore magna aliqua."
  ✓ Java sign -> Java verify: OK
  ✓ JavaScript sign -> JavaScript verify: OK
  ✓ Java sign -> JavaScript verify: OK
  ✓ JavaScript sign -> Java verify: OK
  ✓ Cross-language signature compatibility confirmed
]]></system-out>
    <system-err><![CDATA[[To redirect Truffle log output to a file use one of the following options:
* '--log.file=<path>' if the option is passed using a guest language launcher.
* '-Dpolyglot.log.file=<path>' if the option is passed using the host Java launcher.
* Configure logging using the polyglot embedding API.]
[engine] WARNING: The polyglot engine uses a fallback runtime that does not support runtime compilation to native code.
Execution without runtime compilation will negatively impact the guest application performance.
The following cause was found: JVMCI is required to enable optimizations. Pass -XX:+EnableJVMCI as a virtual machine argument to the java executable to resolve this.
For more information see: https://www.graalvm.org/latest/reference-manual/embed-languages/.
To disable this warning use the '--engine.WarnInterpreterOnly=false' option or the '-Dpolyglot.engine.WarnInterpreterOnly=false' system property.
]]></system-err>
  </testcase>
  <testcase name="testVerificationFailsWithWrongKey(String)[1]" classname="com.sm.bc.graalvm.parameterized.SM2SignatureParameterizedTest" time="0.13">
    <system-out><![CDATA[Successfully loaded SM-BC library with exports: [AbstractECMultiplier, Arrays, AsymmetricKeyParameter, BigIntegers, Bytes, CoordinateSystem, CryptoException, DataLengthException, ECConstants, ECCurveAbstractFp, ECCurveFp, ECDomainParameters, ECFieldElement, ECFieldElementFp, ECKeyParameters, ECPointAbstractFp, ECPointFp, ECPrivateKeyParameters, ECPublicKeyParameters, FixedPointCombMultiplier, Integers, InvalidCipherTextException, KDF, Pack, ParametersWithRandom, SM2, SM2Engine, SM2Mode, SM2Signer, SM3Digest, SecureRandom, SimpleECMultiplier]
Testing message: "Test message 1"
  ✓ Java: Verification correctly fails with wrong key
  ✓ JavaScript: Verification correctly fails with wrong key
]]></system-out>
    <system-err><![CDATA[[To redirect Truffle log output to a file use one of the following options:
* '--log.file=<path>' if the option is passed using a guest language launcher.
* '-Dpolyglot.log.file=<path>' if the option is passed using the host Java launcher.
* Configure logging using the polyglot embedding API.]
[engine] WARNING: The polyglot engine uses a fallback runtime that does not support runtime compilation to native code.
Execution without runtime compilation will negatively impact the guest application performance.
The following cause was found: JVMCI is required to enable optimizations. Pass -XX:+EnableJVMCI as a virtual machine argument to the java executable to resolve this.
For more information see: https://www.graalvm.org/latest/reference-manual/embed-languages/.
To disable this warning use the '--engine.WarnInterpreterOnly=false' option or the '-Dpolyglot.engine.WarnInterpreterOnly=false' system property.
]]></system-err>
  </testcase>
  <testcase name="testVerificationFailsWithWrongKey(String)[2]" classname="com.sm.bc.graalvm.parameterized.SM2SignatureParameterizedTest" time="0.142">
    <system-out><![CDATA[Successfully loaded SM-BC library with exports: [AbstractECMultiplier, Arrays, AsymmetricKeyParameter, BigIntegers, Bytes, CoordinateSystem, CryptoException, DataLengthException, ECConstants, ECCurveAbstractFp, ECCurveFp, ECDomainParameters, ECFieldElement, ECFieldElementFp, ECKeyParameters, ECPointAbstractFp, ECPointFp, ECPrivateKeyParameters, ECPublicKeyParameters, FixedPointCombMultiplier, Integers, InvalidCipherTextException, KDF, Pack, ParametersWithRandom, SM2, SM2Engine, SM2Mode, SM2Signer, SM3Digest, SecureRandom, SimpleECMultiplier]
Testing message: "Test message 2"
  ✓ Java: Verification correctly fails with wrong key
  ✓ JavaScript: Verification correctly fails with wrong key
]]></system-out>
    <system-err><![CDATA[[To redirect Truffle log output to a file use one of the following options:
* '--log.file=<path>' if the option is passed using a guest language launcher.
* '-Dpolyglot.log.file=<path>' if the option is passed using the host Java launcher.
* Configure logging using the polyglot embedding API.]
[engine] WARNING: The polyglot engine uses a fallback runtime that does not support runtime compilation to native code.
Execution without runtime compilation will negatively impact the guest application performance.
The following cause was found: JVMCI is required to enable optimizations. Pass -XX:+EnableJVMCI as a virtual machine argument to the java executable to resolve this.
For more information see: https://www.graalvm.org/latest/reference-manual/embed-languages/.
To disable this warning use the '--engine.WarnInterpreterOnly=false' option or the '-Dpolyglot.engine.WarnInterpreterOnly=false' system property.
]]></system-err>
  </testcase>
  <testcase name="testSignAndVerifyVariousMessageLengths(int)[1]" classname="com.sm.bc.graalvm.parameterized.SM2SignatureParameterizedTest" time="0.201">
    <system-out><![CDATA[Successfully loaded SM-BC library with exports: [AbstractECMultiplier, Arrays, AsymmetricKeyParameter, BigIntegers, Bytes, CoordinateSystem, CryptoException, DataLengthException, ECConstants, ECCurveAbstractFp, ECCurveFp, ECDomainParameters, ECFieldElement, ECFieldElementFp, ECKeyParameters, ECPointAbstractFp, ECPointFp, ECPrivateKeyParameters, ECPublicKeyParameters, FixedPointCombMultiplier, Integers, InvalidCipherTextException, KDF, Pack, ParametersWithRandom, SM2, SM2Engine, SM2Mode, SM2Signer, SM3Digest, SecureRandom, SimpleECMultiplier]
Testing message length: 0 bytes
  ✓ Java sign -> both verify: OK
  ✓ JavaScript sign -> both verify: OK
]]></system-out>
    <system-err><![CDATA[[To redirect Truffle log output to a file use one of the following options:
* '--log.file=<path>' if the option is passed using a guest language launcher.
* '-Dpolyglot.log.file=<path>' if the option is passed using the host Java launcher.
* Configure logging using the polyglot embedding API.]
[engine] WARNING: The polyglot engine uses a fallback runtime that does not support runtime compilation to native code.
Execution without runtime compilation will negatively impact the guest application performance.
The following cause was found: JVMCI is required to enable optimizations. Pass -XX:+EnableJVMCI as a virtual machine argument to the java executable to resolve this.
For more information see: https://www.graalvm.org/latest/reference-manual/embed-languages/.
To disable this warning use the '--engine.WarnInterpreterOnly=false' option or the '-Dpolyglot.engine.WarnInterpreterOnly=false' system property.
]]></system-err>
  </testcase>
  <testcase name="testSignAndVerifyVariousMessageLengths(int)[2]" classname="com.sm.bc.graalvm.parameterized.SM2SignatureParameterizedTest" time="0.183">
    <system-out><![CDATA[Successfully loaded SM-BC library with exports: [AbstractECMultiplier, Arrays, AsymmetricKeyParameter, BigIntegers, Bytes, CoordinateSystem, CryptoException, DataLengthException, ECConstants, ECCurveAbstractFp, ECCurveFp, ECDomainParameters, ECFieldElement, ECFieldElementFp, ECKeyParameters, ECPointAbstractFp, ECPointFp, ECPrivateKeyParameters, ECPublicKeyParameters, FixedPointCombMultiplier, Integers, InvalidCipherTextException, KDF, Pack, ParametersWithRandom, SM2, SM2Engine, SM2Mode, SM2Signer, SM3Digest, SecureRandom, SimpleECMultiplier]
Testing message length: 1 bytes
  ✓ Java sign -> both verify: OK
  ✓ JavaScript sign -> both verify: OK
]]></system-out>
    <system-err><![CDATA[[To redirect Truffle log output to a file use one of the following options:
* '--log.file=<path>' if the option is passed using a guest language launcher.
* '-Dpolyglot.log.file=<path>' if the option is passed using the host Java launcher.
* Configure logging using the polyglot embedding API.]
[engine] WARNING: The polyglot engine uses a fallback runtime that does not support runtime compilation to native code.
Execution without runtime compilation will negatively impact the guest application performance.
The following cause was found: JVMCI is required to enable optimizations. Pass -XX:+EnableJVMCI as a virtual machine argument to the java executable to resolve this.
For more information see: https://www.graalvm.org/latest/reference-manual/embed-languages/.
To disable this warning use the '--engine.WarnInterpreterOnly=false' option or the '-Dpolyglot.engine.WarnInterpreterOnly=false' system property.
]]></system-err>
  </testcase>
  <testcase name="testSignAndVerifyVariousMessageLengths(int)[3]" classname="com.sm.bc.graalvm.parameterized.SM2SignatureParameterizedTest" time="0.164">
    <system-out><![CDATA[Successfully loaded SM-BC library with exports: [AbstractECMultiplier, Arrays, AsymmetricKeyParameter, BigIntegers, Bytes, CoordinateSystem, CryptoException, DataLengthException, ECConstants, ECCurveAbstractFp, ECCurveFp, ECDomainParameters, ECFieldElement, ECFieldElementFp, ECKeyParameters, ECPointAbstractFp, ECPointFp, ECPrivateKeyParameters, ECPublicKeyParameters, FixedPointCombMultiplier, Integers, InvalidCipherTextException, KDF, Pack, ParametersWithRandom, SM2, SM2Engine, SM2Mode, SM2Signer, SM3Digest, SecureRandom, SimpleECMultiplier]
Testing message length: 16 bytes
  ✓ Java sign -> both verify: OK
  ✓ JavaScript sign -> both verify: OK
]]></system-out>
    <system-err><![CDATA[[To redirect Truffle log output to a file use one of the following options:
* '--log.file=<path>' if the option is passed using a guest language launcher.
* '-Dpolyglot.log.file=<path>' if the option is passed using the host Java launcher.
* Configure logging using the polyglot embedding API.]
[engine] WARNING: The polyglot engine uses a fallback runtime that does not support runtime compilation to native code.
Execution without runtime compilation will negatively impact the guest application performance.
The following cause was found: JVMCI is required to enable optimizations. Pass -XX:+EnableJVMCI as a virtual machine argument to the java executable to resolve this.
For more information see: https://www.graalvm.org/latest/reference-manual/embed-languages/.
To disable this warning use the '--engine.WarnInterpreterOnly=false' option or the '-Dpolyglot.engine.WarnInterpreterOnly=false' system property.
]]></system-err>
  </testcase>
  <testcase name="testSignAndVerifyVariousMessageLengths(int)[4]" classname="com.sm.bc.graalvm.parameterized.SM2SignatureParameterizedTest" time="0.19">
    <system-out><![CDATA[Successfully loaded SM-BC library with exports: [AbstractECMultiplier, Arrays, AsymmetricKeyParameter, BigIntegers, Bytes, CoordinateSystem, CryptoException, DataLengthException, ECConstants, ECCurveAbstractFp, ECCurveFp, ECDomainParameters, ECFieldElement, ECFieldElementFp, ECKeyParameters, ECPointAbstractFp, ECPointFp, ECPrivateKeyParameters, ECPublicKeyParameters, FixedPointCombMultiplier, Integers, InvalidCipherTextException, KDF, Pack, ParametersWithRandom, SM2, SM2Engine, SM2Mode, SM2Signer, SM3Digest, SecureRandom, SimpleECMultiplier]
Testing message length: 32 bytes
  ✓ Java sign -> both verify: OK
  ✓ JavaScript sign -> both verify: OK
]]></system-out>
    <system-err><![CDATA[[To redirect Truffle log output to a file use one of the following options:
* '--log.file=<path>' if the option is passed using a guest language launcher.
* '-Dpolyglot.log.file=<path>' if the option is passed using the host Java launcher.
* Configure logging using the polyglot embedding API.]
[engine] WARNING: The polyglot engine uses a fallback runtime that does not support runtime compilation to native code.
Execution without runtime compilation will negatively impact the guest application performance.
The following cause was found: JVMCI is required to enable optimizations. Pass -XX:+EnableJVMCI as a virtual machine argument to the java executable to resolve this.
For more information see: https://www.graalvm.org/latest/reference-manual/embed-languages/.
To disable this warning use the '--engine.WarnInterpreterOnly=false' option or the '-Dpolyglot.engine.WarnInterpreterOnly=false' system property.
]]></system-err>
  </testcase>
  <testcase name="testSignAndVerifyVariousMessageLengths(int)[5]" classname="com.sm.bc.graalvm.parameterized.SM2SignatureParameterizedTest" time="0.24">
    <system-out><![CDATA[Successfully loaded SM-BC library with exports: [AbstractECMultiplier, Arrays, AsymmetricKeyParameter, BigIntegers, Bytes, CoordinateSystem, CryptoException, DataLengthException, ECConstants, ECCurveAbstractFp, ECCurveFp, ECDomainParameters, ECFieldElement, ECFieldElementFp, ECKeyParameters, ECPointAbstractFp, ECPointFp, ECPrivateKeyParameters, ECPublicKeyParameters, FixedPointCombMultiplier, Integers, InvalidCipherTextException, KDF, Pack, ParametersWithRandom, SM2, SM2Engine, SM2Mode, SM2Signer, SM3Digest, SecureRandom, SimpleECMultiplier]
Testing message length: 64 bytes
  ✓ Java sign -> both verify: OK
  ✓ JavaScript sign -> both verify: OK
]]></system-out>
    <system-err><![CDATA[[To redirect Truffle log output to a file use one of the following options:
* '--log.file=<path>' if the option is passed using a guest language launcher.
* '-Dpolyglot.log.file=<path>' if the option is passed using the host Java launcher.
* Configure logging using the polyglot embedding API.]
[engine] WARNING: The polyglot engine uses a fallback runtime that does not support runtime compilation to native code.
Execution without runtime compilation will negatively impact the guest application performance.
The following cause was found: JVMCI is required to enable optimizations. Pass -XX:+EnableJVMCI as a virtual machine argument to the java executable to resolve this.
For more information see: https://www.graalvm.org/latest/reference-manual/embed-languages/.
To disable this warning use the '--engine.WarnInterpreterOnly=false' option or the '-Dpolyglot.engine.WarnInterpreterOnly=false' system property.
]]></system-err>
  </testcase>
  <testcase name="testSignAndVerifyVariousMessageLengths(int)[6]" classname="com.sm.bc.graalvm.parameterized.SM2SignatureParameterizedTest" time="0.229">
    <system-out><![CDATA[Successfully loaded SM-BC library with exports: [AbstractECMultiplier, Arrays, AsymmetricKeyParameter, BigIntegers, Bytes, CoordinateSystem, CryptoException, DataLengthException, ECConstants, ECCurveAbstractFp, ECCurveFp, ECDomainParameters, ECFieldElement, ECFieldElementFp, ECKeyParameters, ECPointAbstractFp, ECPointFp, ECPrivateKeyParameters, ECPublicKeyParameters, FixedPointCombMultiplier, Integers, InvalidCipherTextException, KDF, Pack, ParametersWithRandom, SM2, SM2Engine, SM2Mode, SM2Signer, SM3Digest, SecureRandom, SimpleECMultiplier]
Testing message length: 128 bytes
  ✓ Java sign -> both verify: OK
  ✓ JavaScript sign -> both verify: OK
]]></system-out>
    <system-err><![CDATA[[To redirect Truffle log output to a file use one of the following options:
* '--log.file=<path>' if the option is passed using a guest language launcher.
* '-Dpolyglot.log.file=<path>' if the option is passed using the host Java launcher.
* Configure logging using the polyglot embedding API.]
[engine] WARNING: The polyglot engine uses a fallback runtime that does not support runtime compilation to native code.
Execution without runtime compilation will negatively impact the guest application performance.
The following cause was found: JVMCI is required to enable optimizations. Pass -XX:+EnableJVMCI as a virtual machine argument to the java executable to resolve this.
For more information see: https://www.graalvm.org/latest/reference-manual/embed-languages/.
To disable this warning use the '--engine.WarnInterpreterOnly=false' option or the '-Dpolyglot.engine.WarnInterpreterOnly=false' system property.
]]></system-err>
  </testcase>
  <testcase name="testSignAndVerifyVariousMessageLengths(int)[7]" classname="com.sm.bc.graalvm.parameterized.SM2SignatureParameterizedTest" time="0.182">
    <system-out><![CDATA[Successfully loaded SM-BC library with exports: [AbstractECMultiplier, Arrays, AsymmetricKeyParameter, BigIntegers, Bytes, CoordinateSystem, CryptoException, DataLengthException, ECConstants, ECCurveAbstractFp, ECCurveFp, ECDomainParameters, ECFieldElement, ECFieldElementFp, ECKeyParameters, ECPointAbstractFp, ECPointFp, ECPrivateKeyParameters, ECPublicKeyParameters, FixedPointCombMultiplier, Integers, InvalidCipherTextException, KDF, Pack, ParametersWithRandom, SM2, SM2Engine, SM2Mode, SM2Signer, SM3Digest, SecureRandom, SimpleECMultiplier]
Testing message length: 256 bytes
  ✓ Java sign -> both verify: OK
  ✓ JavaScript sign -> both verify: OK
]]></system-out>
    <system-err><![CDATA[[To redirect Truffle log output to a file use one of the following options:
* '--log.file=<path>' if the option is passed using a guest language launcher.
* '-Dpolyglot.log.file=<path>' if the option is passed using the host Java launcher.
* Configure logging using the polyglot embedding API.]
[engine] WARNING: The polyglot engine uses a fallback runtime that does not support runtime compilation to native code.
Execution without runtime compilation will negatively impact the guest application performance.
The following cause was found: JVMCI is required to enable optimizations. Pass -XX:+EnableJVMCI as a virtual machine argument to the java executable to resolve this.
For more information see: https://www.graalvm.org/latest/reference-manual/embed-languages/.
To disable this warning use the '--engine.WarnInterpreterOnly=false' option or the '-Dpolyglot.engine.WarnInterpreterOnly=false' system property.
]]></system-err>
  </testcase>
  <testcase name="testSignAndVerifyVariousMessageLengths(int)[8]" classname="com.sm.bc.graalvm.parameterized.SM2SignatureParameterizedTest" time="0.241">
    <system-out><![CDATA[Successfully loaded SM-BC library with exports: [AbstractECMultiplier, Arrays, AsymmetricKeyParameter, BigIntegers, Bytes, CoordinateSystem, CryptoException, DataLengthException, ECConstants, ECCurveAbstractFp, ECCurveFp, ECDomainParameters, ECFieldElement, ECFieldElementFp, ECKeyParameters, ECPointAbstractFp, ECPointFp, ECPrivateKeyParameters, ECPublicKeyParameters, FixedPointCombMultiplier, Integers, InvalidCipherTextException, KDF, Pack, ParametersWithRandom, SM2, SM2Engine, SM2Mode, SM2Signer, SM3Digest, SecureRandom, SimpleECMultiplier]
Testing message length: 512 bytes
  ✓ Java sign -> both verify: OK
  ✓ JavaScript sign -> both verify: OK
]]></system-out>
    <system-err><![CDATA[[To redirect Truffle log output to a file use one of the following options:
* '--log.file=<path>' if the option is passed using a guest language launcher.
* '-Dpolyglot.log.file=<path>' if the option is passed using the host Java launcher.
* Configure logging using the polyglot embedding API.]
[engine] WARNING: The polyglot engine uses a fallback runtime that does not support runtime compilation to native code.
Execution without runtime compilation will negatively impact the guest application performance.
The following cause was found: JVMCI is required to enable optimizations. Pass -XX:+EnableJVMCI as a virtual machine argument to the java executable to resolve this.
For more information see: https://www.graalvm.org/latest/reference-manual/embed-languages/.
To disable this warning use the '--engine.WarnInterpreterOnly=false' option or the '-Dpolyglot.engine.WarnInterpreterOnly=false' system property.
]]></system-err>
  </testcase>
  <testcase name="testSignAndVerifyVariousMessageLengths(int)[9]" classname="com.sm.bc.graalvm.parameterized.SM2SignatureParameterizedTest" time="0.212">
    <system-out><![CDATA[Successfully loaded SM-BC library with exports: [AbstractECMultiplier, Arrays, AsymmetricKeyParameter, BigIntegers, Bytes, CoordinateSystem, CryptoException, DataLengthException, ECConstants, ECCurveAbstractFp, ECCurveFp, ECDomainParameters, ECFieldElement, ECFieldElementFp, ECKeyParameters, ECPointAbstractFp, ECPointFp, ECPrivateKeyParameters, ECPublicKeyParameters, FixedPointCombMultiplier, Integers, InvalidCipherTextException, KDF, Pack, ParametersWithRandom, SM2, SM2Engine, SM2Mode, SM2Signer, SM3Digest, SecureRandom, SimpleECMultiplier]
Testing message length: 1024 bytes
  ✓ Java sign -> both verify: OK
  ✓ JavaScript sign -> both verify: OK
]]></system-out>
    <system-err><![CDATA[[To redirect Truffle log output to a file use one of the following options:
* '--log.file=<path>' if the option is passed using a guest language launcher.
* '-Dpolyglot.log.file=<path>' if the option is passed using the host Java launcher.
* Configure logging using the polyglot embedding API.]
[engine] WARNING: The polyglot engine uses a fallback runtime that does not support runtime compilation to native code.
Execution without runtime compilation will negatively impact the guest application performance.
The following cause was found: JVMCI is required to enable optimizations. Pass -XX:+EnableJVMCI as a virtual machine argument to the java executable to resolve this.
For more information see: https://www.graalvm.org/latest/reference-manual/embed-languages/.
To disable this warning use the '--engine.WarnInterpreterOnly=false' option or the '-Dpolyglot.engine.WarnInterpreterOnly=false' system property.
]]></system-err>
  </testcase>
  <testcase name="testSignAndVerifyWithDifferentKeyPairs(KeyPairTestData)[1]" classname="com.sm.bc.graalvm.parameterized.SM2SignatureParameterizedTest" time="0.177">
    <system-out><![CDATA[Successfully loaded SM-BC library with exports: [AbstractECMultiplier, Arrays, AsymmetricKeyParameter, BigIntegers, Bytes, CoordinateSystem, CryptoException, DataLengthException, ECConstants, ECCurveAbstractFp, ECCurveFp, ECDomainParameters, ECFieldElement, ECFieldElementFp, ECKeyParameters, ECPointAbstractFp, ECPointFp, ECPrivateKeyParameters, ECPublicKeyParameters, FixedPointCombMultiplier, Integers, InvalidCipherTextException, KDF, Pack, ParametersWithRandom, SM2, SM2Engine, SM2Mode, SM2Signer, SM3Digest, SecureRandom, SimpleECMultiplier]
Testing key pair: Generated key pair 1
  ✓ Java sign and verify: OK
  ✓ JavaScript sign and verify: OK
  ✓ Java sign -> JavaScript verify: OK
  ✓ JavaScript sign -> Java verify: OK
]]></system-out>
    <system-err><![CDATA[[To redirect Truffle log output to a file use one of the following options:
* '--log.file=<path>' if the option is passed using a guest language launcher.
* '-Dpolyglot.log.file=<path>' if the option is passed using the host Java launcher.
* Configure logging using the polyglot embedding API.]
[engine] WARNING: The polyglot engine uses a fallback runtime that does not support runtime compilation to native code.
Execution without runtime compilation will negatively impact the guest application performance.
The following cause was found: JVMCI is required to enable optimizations. Pass -XX:+EnableJVMCI as a virtual machine argument to the java executable to resolve this.
For more information see: https://www.graalvm.org/latest/reference-manual/embed-languages/.
To disable this warning use the '--engine.WarnInterpreterOnly=false' option or the '-Dpolyglot.engine.WarnInterpreterOnly=false' system property.
]]></system-err>
  </testcase>
  <testcase name="testSignAndVerifyWithDifferentKeyPairs(KeyPairTestData)[2]" classname="com.sm.bc.graalvm.parameterized.SM2SignatureParameterizedTest" time="0.176">
    <system-out><![CDATA[Successfully loaded SM-BC library with exports: [AbstractECMultiplier, Arrays, AsymmetricKeyParameter, BigIntegers, Bytes, CoordinateSystem, CryptoException, DataLengthException, ECConstants, ECCurveAbstractFp, ECCurveFp, ECDomainParameters, ECFieldElement, ECFieldElementFp, ECKeyParameters, ECPointAbstractFp, ECPointFp, ECPrivateKeyParameters, ECPublicKeyParameters, FixedPointCombMultiplier, Integers, InvalidCipherTextException, KDF, Pack, ParametersWithRandom, SM2, SM2Engine, SM2Mode, SM2Signer, SM3Digest, SecureRandom, SimpleECMultiplier]
Testing key pair: Generated key pair 2
  ✓ Java sign and verify: OK
  ✓ JavaScript sign and verify: OK
  ✓ Java sign -> JavaScript verify: OK
  ✓ JavaScript sign -> Java verify: OK
]]></system-out>
    <system-err><![CDATA[[To redirect Truffle log output to a file use one of the following options:
* '--log.file=<path>' if the option is passed using a guest language launcher.
* '-Dpolyglot.log.file=<path>' if the option is passed using the host Java launcher.
* Configure logging using the polyglot embedding API.]
[engine] WARNING: The polyglot engine uses a fallback runtime that does not support runtime compilation to native code.
Execution without runtime compilation will negatively impact the guest application performance.
The following cause was found: JVMCI is required to enable optimizations. Pass -XX:+EnableJVMCI as a virtual machine argument to the java executable to resolve this.
For more information see: https://www.graalvm.org/latest/reference-manual/embed-languages/.
To disable this warning use the '--engine.WarnInterpreterOnly=false' option or the '-Dpolyglot.engine.WarnInterpreterOnly=false' system property.
]]></system-err>
  </testcase>
  <testcase name="testSignAndVerifyWithDifferentKeyPairs(KeyPairTestData)[3]" classname="com.sm.bc.graalvm.parameterized.SM2SignatureParameterizedTest" time="0.19">
    <system-out><![CDATA[Successfully loaded SM-BC library with exports: [AbstractECMultiplier, Arrays, AsymmetricKeyParameter, BigIntegers, Bytes, CoordinateSystem, CryptoException, DataLengthException, ECConstants, ECCurveAbstractFp, ECCurveFp, ECDomainParameters, ECFieldElement, ECFieldElementFp, ECKeyParameters, ECPointAbstractFp, ECPointFp, ECPrivateKeyParameters, ECPublicKeyParameters, FixedPointCombMultiplier, Integers, InvalidCipherTextException, KDF, Pack, ParametersWithRandom, SM2, SM2Engine, SM2Mode, SM2Signer, SM3Digest, SecureRandom, SimpleECMultiplier]
Testing key pair: Generated key pair 3
  ✓ Java sign and verify: OK
  ✓ JavaScript sign and verify: OK
  ✓ Java sign -> JavaScript verify: OK
  ✓ JavaScript sign -> Java verify: OK
]]></system-out>
    <system-err><![CDATA[[To redirect Truffle log output to a file use one of the following options:
* '--log.file=<path>' if the option is passed using a guest language launcher.
* '-Dpolyglot.log.file=<path>' if the option is passed using the host Java launcher.
* Configure logging using the polyglot embedding API.]
[engine] WARNING: The polyglot engine uses a fallback runtime that does not support runtime compilation to native code.
Execution without runtime compilation will negatively impact the guest application performance.
The following cause was found: JVMCI is required to enable optimizations. Pass -XX:+EnableJVMCI as a virtual machine argument to the java executable to resolve this.
For more information see: https://www.graalvm.org/latest/reference-manual/embed-languages/.
To disable this warning use the '--engine.WarnInterpreterOnly=false' option or the '-Dpolyglot.engine.WarnInterpreterOnly=false' system property.
]]></system-err>
  </testcase>
</testsuite>