<?xml version="1.0" encoding="UTF-8"?>
<testsuite xmlns:xsi="http://www.w3.org/2001/XMLSchema-instance" xsi:noNamespaceSchemaLocation="https://maven.apache.org/surefire/maven-surefire-plugin/xsd/surefire-test-report-3.0.xsd" version="3.0" name="com.sm.bc.graalvm.SM2SignatureInteropTest" time="0.474" tests="4" errors="0" skipped="0" failures="0">
  <properties>
[...]
</properties>
  <testcase name="testJavaSignJavaScriptVerify" classname="com.sm.bc.graalvm.SM2SignatureInteropTest" time="0.094">
    <system-out><![CDATA[Successfully loaded SM-BC library with exports: [AbstractECMultiplier, Arrays, AsymmetricKeyParameter, BigIntegers, Bytes, CoordinateSystem, CryptoException, DataLengthException, ECConstants, ECCurveAbstractFp, ECCurveFp, ECDomainParameters, ECFieldElement, ECFieldElementFp, ECKeyParameters, ECPointAbstractFp, ECPointFp, ECPrivateKeyParameters, ECPublicKeyParameters, FixedPointCombMultiplier, Integers, InvalidCipherTextException, KDF, Pack, ParametersWithRandom, SM2, SM2Engine, SM2Mode, SM2Signer, SM3Digest, SecureRandom, SimpleECMultiplier]

=== Testing Java Sign → JavaScript Verify ===
Java signature length: 71 bytes
Java signature (hex): 30450221008885242ee11541c5bc661aef734a87b2a3199aab8812183bab04570f6bfa662d02203960d74fe614295fca46365abfd48a5ac9ec9d80b06501835deebc6bea6b8007
JS verifying signature of length: 71
JS public key x: d6f200350400269e608964b746507351cd217432bba838c7e421cd85ee1f755d
JS public key y: 6cc3a376994a65240c0c85951c2286db0ea2e535327ca783d68bc2dd9b4d9e0a
✓ Java signature successfully verified by JavaScript
]]></system-out>
    <system-err><![CDATA[[To redirect Truffle log output to a file use one of the following options:
* '--log.file=<path>' if the option is passed using a guest language launcher.
* '-Dpolyglot.log.file=<path>' if the option is passed using the host Java launcher.
* Configure logging using the polyglot embedding API.]
[engine] WARNING: The polyglot engine uses a fallback runtime that does not support runtime compilation to native code.
Execution without runtime compilation will negatively impact the guest application performance.
The following cause was found: JVMCI is required to enable optimizations. Pass -XX:+EnableJVMCI as a virtual machine argument to the java executable to resolve this.
For more information see: https://www.graalvm.org/latest/reference-manual/embed-languages/.
To disable this warning use the '--engine.WarnInterpreterOnly=false' option or the '-Dpolyglot.engine.WarnInterpreterOnly=false' system property.
]]></system-err>
  </testcase>
  <testcase name="testKeyFormatCompatibility" classname="com.sm.bc.graalvm.SM2SignatureInteropTest" time="0.179">
    <system-out><![CDATA[Successfully loaded SM-BC library with exports: [AbstractECMultiplier, Arrays, AsymmetricKeyParameter, BigIntegers, Bytes, CoordinateSystem, CryptoException, DataLengthException, ECConstants, ECCurveAbstractFp, ECCurveFp, ECDomainParameters, ECFieldElement, ECFieldElementFp, ECKeyParameters, ECPointAbstractFp, ECPointFp, ECPrivateKeyParameters, ECPublicKeyParameters, FixedPointCombMultiplier, Integers, InvalidCipherTextException, KDF, Pack, ParametersWithRandom, SM2, SM2Engine, SM2Mode, SM2Signer, SM3Digest, SecureRandom, SimpleECMultiplier]

=== Testing Key Format Compatibility ===
JS imported private key: 7dcd3494514a99fc13b78a9de84c5d9e945e7000669a3d6c95029025ddaf92b7
JS imported public key x: 5b4370cd9af84fa1b475423065698fd53370f9734f971f840a1aa72653bb1c5
JS imported public key y: f70cdf2b1a979e334ef1d176446c0d3a06967f577aea3c3a63d214df56dcf7e2
✓ Key format compatibility verified
  - Java keys successfully imported to JavaScript
  - JavaScript sign/verify works with imported keys
]]></system-out>
    <system-err><![CDATA[[To redirect Truffle log output to a file use one of the following options:
* '--log.file=<path>' if the option is passed using a guest language launcher.
* '-Dpolyglot.log.file=<path>' if the option is passed using the host Java launcher.
* Configure logging using the polyglot embedding API.]
[engine] WARNING: The polyglot engine uses a fallback runtime that does not support runtime compilation to native code.
Execution without runtime compilation will negatively impact the guest application performance.
The following cause was found: JVMCI is required to enable optimizations. Pass -XX:+EnableJVMCI as a virtual machine argument to the java executable to resolve this.
For more information see: https://www.graalvm.org/latest/reference-manual/embed-languages/.
To disable this warning use the '--engine.WarnInterpreterOnly=false' option or the '-Dpolyglot.engine.WarnInterpreterOnly=false' system property.
]]></system-err>
  </testcase>
  <testcase name="testEdgeCases" classname="com.sm.bc.graalvm.SM2SignatureInteropTest" time="0.071">
    <system-out><![CDATA[Successfully loaded SM-BC library with exports: [AbstractECMultiplier, Arrays, AsymmetricKeyParameter, BigIntegers, Bytes, CoordinateSystem, CryptoException, DataLengthException, ECConstants, ECCurveAbstractFp, ECCurveFp, ECDomainParameters, ECFieldElement, ECFieldElementFp, ECKeyParameters, ECPointAbstractFp, ECPointFp, ECPrivateKeyParameters, ECPublicKeyParameters, FixedPointCombMultiplier, Integers, InvalidCipherTextException, KDF, Pack, ParametersWithRandom, SM2, SM2Engine, SM2Mode, SM2Signer, SM3Digest, SecureRandom, SimpleECMultiplier]

=== Testing Edge Cases ===
Testing empty message...
  ✓ Empty message handled correctly
Testing large message (10KB)...
  ✓ Large message signed successfully
Testing invalid signature detection...
  ✓ Invalid signature correctly rejected
✓ All edge cases handled correctly
]]></system-out>
    <system-err><![CDATA[[To redirect Truffle log output to a file use one of the following options:
* '--log.file=<path>' if the option is passed using a guest language launcher.
* '-Dpolyglot.log.file=<path>' if the option is passed using the host Java launcher.
* Configure logging using the polyglot embedding API.]
[engine] WARNING: The polyglot engine uses a fallback runtime that does not support runtime compilation to native code.
Execution without runtime compilation will negatively impact the guest application performance.
The following cause was found: JVMCI is required to enable optimizations. Pass -XX:+EnableJVMCI as a virtual machine argument to the java executable to resolve this.
For more information see: https://www.graalvm.org/latest/reference-manual/embed-languages/.
To disable this warning use the '--engine.WarnInterpreterOnly=false' option or the '-Dpolyglot.engine.WarnInterpreterOnly=false' system property.
]]></system-err>
  </testcase>
  <testcase name="testJavaScriptSignJavaVerify" classname="com.sm.bc.graalvm.SM2SignatureInteropTest" time="0.122">
    <system-out><![CDATA[Successfully loaded SM-BC library with exports: [AbstractECMultiplier, Arrays, AsymmetricKeyParameter, BigIntegers, Bytes, CoordinateSystem, CryptoException, DataLengthException, ECConstants, ECCurveAbstractFp, ECCurveFp, ECDomainParameters, ECFieldElement, ECFieldElementFp, ECKeyParameters, ECPointAbstractFp, ECPointFp, ECPrivateKeyParameters, ECPublicKeyParameters, FixedPointCombMultiplier, Integers, InvalidCipherTextException, KDF, Pack, ParametersWithRandom, SM2, SM2Engine, SM2Mode, SM2Signer, SM3Digest, SecureRandom, SimpleECMultiplier]

=== Testing JavaScript Sign → Java Verify ===
JS generated key pair
JS private key: 9a97bbff64aa49a0e830201ddc01067a3e5407e46325ac5fda1bfa04d7b24f38
JS public key x: 79081f49d2babbdc156876700cd261a75b0d77b896f986f1f2666430e1767160
JS public key y: 49a6c6f6346b3434ad997eb72b08b044a9d46b547f4c4d7712333c799f81d4fa
JS signature length: 71
JavaScript signature length: 71 bytes
JavaScript signature (hex): 30450220067a89f87056f2775fac43f879d5cd8ac805ec218abc9b566274f53357bb3770022100e0a07cc4386388cf88d12d19eb85be241f01e40fe6194e7cb513054f12a1fb3a
✓ JavaScript signature successfully verified by Java
]]></system-out>
    <system-err><![CDATA[[To redirect Truffle log output to a file use one of the following options:
* '--log.file=<path>' if the option is passed using a guest language launcher.
* '-Dpolyglot.log.file=<path>' if the option is passed using the host Java launcher.
* Configure logging using the polyglot embedding API.]
[engine] WARNING: The polyglot engine uses a fallback runtime that does not support runtime compilation to native code.
Execution without runtime compilation will negatively impact the guest application performance.
The following cause was found: JVMCI is required to enable optimizations. Pass -XX:+EnableJVMCI as a virtual machine argument to the java executable to resolve this.
For more information see: https://www.graalvm.org/latest/reference-manual/embed-languages/.
To disable this warning use the '--engine.WarnInterpreterOnly=false' option or the '-Dpolyglot.engine.WarnInterpreterOnly=false' system property.
]]></system-err>
  </testcase>
</testsuite>