<?xml version="1.0" encoding="UTF-8"?>
<testsuite xmlns:xsi="http://www.w3.org/2001/XMLSchema-instance" xsi:noNamespaceSchemaLocation="https://maven.apache.org/surefire/maven-surefire-plugin/xsd/surefire-test-report-3.0.xsd" version="3.0" name="com.sm.bc.graalvm.SimplifiedCrossLanguageTest" time="1.546" tests="3" errors="0" skipped="0" failures="0">
  <properties>
[...]
</properties>
  <testcase name="testSM3CrossImplementation" classname="com.sm.bc.graalvm.SimplifiedCrossLanguageTest" time="0.661">
    <system-out><![CDATA[
=== Testing SM3 Cross-Implementation with Node.js ===
Testing message: ""
  ✓ Both implementations agree: 1ab21d8355cfa17f8e61194831e81a8f22bec8c728fefb747ed035eb5082aa2b
Testing message: "a"
  ✓ Both implementations agree: 623476ac18f65a2909e43c7fec61b49c7e764a91a18ccb82f1917a29c86c5e88
Testing message: "abc"
  ✓ Both implementations agree: 66c7f0f462eeedd9d1f2d46bdc10e4e24167c4875cf2f7a2297da02b8f4ba8e0
Testing message: "Hello SM3!"
  ✓ Both implementations agree: d2ed97bcbd29e328e82df62c2fc586c69391dd13a09ce0af1019a06bc08115dc
Testing message: "SM3哈希算法测试消息"
  ✓ Both implementations agree: 591474dd03a0a6812b18464e8915003243a99355dcc31291df7e0efa3d7901e2
✓ All SM3 cross-implementation tests passed
]]></system-out>
  </testcase>
  <testcase name="testPerformanceComparison" classname="com.sm.bc.graalvm.SimplifiedCrossLanguageTest" time="0.181">
    <system-out><![CDATA[
=== Performance Comparison ===
Message size: 1026 bytes
Iterations: 100
Java time: 2 ms (0.02 ms/op)
JavaScript time (with Node.js overhead): 99 ms (0.99 ms/op)
Note: JavaScript timing includes Node.js process creation overhead
✓ Performance comparison completed
]]></system-out>
  </testcase>
  <testcase name="testSM3StandardVectors" classname="com.sm.bc.graalvm.SimplifiedCrossLanguageTest" time="0.524">
    <system-out><![CDATA[
=== Testing SM3 Standard Test Vectors ===
Test vector 1: ""
  ✓ Both Java and JavaScript match expected: 1ab21d8355cfa17f8e61194831e81a8f22bec8c728fefb747ed035eb5082aa2b
Test vector 2: "a"
  ✓ Both Java and JavaScript match expected: 623476ac18f65a2909e43c7fec61b49c7e764a91a18ccb82f1917a29c86c5e88
Test vector 3: "abc"
  ✓ Both Java and JavaScript match expected: 66c7f0f462eeedd9d1f2d46bdc10e4e24167c4875cf2f7a2297da02b8f4ba8e0
✓ All standard test vectors passed
]]></system-out>
  </testcase>
</testsuite>