<?xml version="1.0" encoding="UTF-8"?>
<testsuite xmlns:xsi="http://www.w3.org/2001/XMLSchema-instance" xsi:noNamespaceSchemaLocation="https://maven.apache.org/surefire/maven-surefire-plugin/xsd/surefire-test-report-3.0.xsd" version="3.0" name="com.sm.bc.graalvm.SM2EncryptionInteropTest" time="0.966" tests="4" errors="0" skipped="0" failures="0">
  <properties>
[...]
</properties>
  <testcase name="testJavaScriptEncryptJavaDecrypt" classname="com.sm.bc.graalvm.SM2EncryptionInteropTest" time="0.547">
    <system-out><![CDATA[Successfully loaded SM-BC library with exports: [AbstractECMultiplier, Arrays, AsymmetricKeyParameter, BigIntegers, Bytes, CoordinateSystem, CryptoException, DataLengthException, ECConstants, ECCurveAbstractFp, ECCurveFp, ECDomainParameters, ECFieldElement, ECFieldElementFp, ECKeyParameters, ECPointAbstractFp, ECPointFp, ECPrivateKeyParameters, ECPublicKeyParameters, FixedPointCombMultiplier, Integers, InvalidCipherTextException, KDF, Pack, ParametersWithRandom, SM2, SM2Engine, SM2Mode, SM2Signer, SM3Digest, SecureRandom, SimpleECMultiplier]

=== Testing JavaScript Encrypt → Java Decrypt ===
Testing message: "JS to Java test"
JS encrypting message of length: 15
JS public key x: 3008b3e9b7d49c274ebff7128c25f7fcfa19e10cf2b3e66cbd02eee62358e99b
JS public key y: 1e17c6e1f8e2ce0553f0919396e8a377603f406cfb73c48033633ade46ef9bc9
JS ciphertext length: 112
  JavaScript ciphertext length: 112 bytes
  ✓ Successfully decrypted: "JS to Java test"
Testing message: "JavaScript加密，Java解密测试！"
JS encrypting message of length: 38
JS public key x: a3cc9c3cef8f7405d1f2899818ea2e2a2bf89eace7a403063ce211625116dbb
JS public key y: 500560138870bbd07a5695a9c3a6789dcdea8246fe1a0a60c287556b21506d00
JS ciphertext length: 135
  JavaScript ciphertext length: 135 bytes
  ✓ Successfully decrypted: "JavaScript加密，Java解密测试！"
Testing message: "Long message from JavaScript: xxxxxxxxxxxxxxxxxxxxxxxxxxxxxxxxxxxxxxxxxxxxxxxxxxxxxxxxxxxxxxxxxxxxxxxxxxxxxxxxxxxxxxxxxxxxxxxxxxxx"
JS encrypting message of length: 130
JS public key x: fbe7c2d68861868289b8316bd489f5809982c11df41ed49eb103d25b41c3d73b
JS public key y: d2a5c144926b490d9682a6a6be07bf778544d84f48d42079ef55bc6e764edd15
JS ciphertext length: 227
  JavaScript ciphertext length: 227 bytes
  ✓ Successfully decrypted: "Long message from JavaScript: xxxxxxxxxxxxxxxxxxxxxxxxxxxxxxxxxxxxxxxxxxxxxxxxxxxxxxxxxxxxxxxxxxxxxxxxxxxxxxxxxxxxxxxxxxxxxxxxxxxx"
✓ All JavaScript encrypt → Java decrypt tests passed
]]></system-out>
    <system-err><![CDATA[[To redirect Truffle log output to a file use one of the following options:
* '--log.file=<path>' if the option is passed using a guest language launcher.
* '-Dpolyglot.log.file=<path>' if the option is passed using the host Java launcher.
* Configure logging using the polyglot embedding API.]
[engine] WARNING: The polyglot engine uses a fallback runtime that does not support runtime compilation to native code.
Execution without runtime compilation will negatively impact the guest application performance.
The following cause was found: JVMCI is required to enable optimizations. Pass -XX:+EnableJVMCI as a virtual machine argument to the java executable to resolve this.
For more information see: https://www.graalvm.org/latest/reference-manual/embed-languages/.
To disable this warning use the '--engine.WarnInterpreterOnly=false' option or the '-Dpolyglot.engine.WarnInterpreterOnly=false' system property.
]]></system-err>
  </testcase>
  <testcase name="testErrorHandling" classname="com.sm.bc.graalvm.SM2EncryptionInteropTest" time="0.08">
    <system-out><![CDATA[Successfully loaded SM-BC library with exports: [AbstractECMultiplier, Arrays, AsymmetricKeyParameter, BigIntegers, Bytes, CoordinateSystem, CryptoException, DataLengthException, ECConstants, ECCurveAbstractFp, ECCurveFp, ECDomainParameters, ECFieldElement, ECFieldElementFp, ECKeyParameters, ECPointAbstractFp, ECPointFp, ECPrivateKeyParameters, ECPublicKeyParameters, FixedPointCombMultiplier, Integers, InvalidCipherTextException, KDF, Pack, ParametersWithRandom, SM2, SM2Engine, SM2Mode, SM2Signer, SM3Digest, SecureRandom, SimpleECMultiplier]

=== Testing Error Handling ===
Testing: Invalid ciphertext - too short
  ✓ Invalid ciphertext properly rejected
Testing: Corrupted ciphertext
  ✓ Corrupted ciphertext properly rejected
✓ Error handling tests completed
]]></system-out>
    <system-err><![CDATA[[To redirect Truffle log output to a file use one of the following options:
* '--log.file=<path>' if the option is passed using a guest language launcher.
* '-Dpolyglot.log.file=<path>' if the option is passed using the host Java launcher.
* Configure logging using the polyglot embedding API.]
[engine] WARNING: The polyglot engine uses a fallback runtime that does not support runtime compilation to native code.
Execution without runtime compilation will negatively impact the guest application performance.
The following cause was found: JVMCI is required to enable optimizations. Pass -XX:+EnableJVMCI as a virtual machine argument to the java executable to resolve this.
For more information see: https://www.graalvm.org/latest/reference-manual/embed-languages/.
To disable this warning use the '--engine.WarnInterpreterOnly=false' option or the '-Dpolyglot.engine.WarnInterpreterOnly=false' system property.
]]></system-err>
  </testcase>
  <testcase name="testEncryptionConsistency" classname="com.sm.bc.graalvm.SM2EncryptionInteropTest" time="0.182">
    <system-out><![CDATA[Successfully loaded SM-BC library with exports: [AbstractECMultiplier, Arrays, AsymmetricKeyParameter, BigIntegers, Bytes, CoordinateSystem, CryptoException, DataLengthException, ECConstants, ECCurveAbstractFp, ECCurveFp, ECDomainParameters, ECFieldElement, ECFieldElementFp, ECKeyParameters, ECPointAbstractFp, ECPointFp, ECPrivateKeyParameters, ECPublicKeyParameters, FixedPointCombMultiplier, Integers, InvalidCipherTextException, KDF, Pack, ParametersWithRandom, SM2, SM2Engine, SM2Mode, SM2Signer, SM3Digest, SecureRandom, SimpleECMultiplier]

=== Testing Encryption Consistency ===
Round 1: Java encrypt → JavaScript decrypt
Round 2: JavaScript encrypt → Java decrypt
✓ Encryption consistency verified
  - Same keys work in both directions
  - Message integrity maintained
]]></system-out>
    <system-err><![CDATA[[To redirect Truffle log output to a file use one of the following options:
* '--log.file=<path>' if the option is passed using a guest language launcher.
* '-Dpolyglot.log.file=<path>' if the option is passed using the host Java launcher.
* Configure logging using the polyglot embedding API.]
[engine] WARNING: The polyglot engine uses a fallback runtime that does not support runtime compilation to native code.
Execution without runtime compilation will negatively impact the guest application performance.
The following cause was found: JVMCI is required to enable optimizations. Pass -XX:+EnableJVMCI as a virtual machine argument to the java executable to resolve this.
For more information see: https://www.graalvm.org/latest/reference-manual/embed-languages/.
To disable this warning use the '--engine.WarnInterpreterOnly=false' option or the '-Dpolyglot.engine.WarnInterpreterOnly=false' system property.
]]></system-err>
  </testcase>
  <testcase name="testJavaEncryptJavaScriptDecrypt" classname="com.sm.bc.graalvm.SM2EncryptionInteropTest" time="0.15">
    <system-out><![CDATA[Successfully loaded SM-BC library with exports: [AbstractECMultiplier, Arrays, AsymmetricKeyParameter, BigIntegers, Bytes, CoordinateSystem, CryptoException, DataLengthException, ECConstants, ECCurveAbstractFp, ECCurveFp, ECDomainParameters, ECFieldElement, ECFieldElementFp, ECKeyParameters, ECPointAbstractFp, ECPointFp, ECPrivateKeyParameters, ECPublicKeyParameters, FixedPointCombMultiplier, Integers, InvalidCipherTextException, KDF, Pack, ParametersWithRandom, SM2, SM2Engine, SM2Mode, SM2Signer, SM3Digest, SecureRandom, SimpleECMultiplier]

=== Testing Java Encrypt → JavaScript Decrypt ===
Testing message: "Hello SM2!"
  Java ciphertext length: 107 bytes
JS decrypting ciphertext of length: 107
JS private key: 45e6aa7b9261daf8d2dcaf4b9c8a8bce2f8f5b668deb49ed8bb0cc9caed585ef
JS decrypted text: Hello SM2!
  ✓ Successfully decrypted: "Hello SM2!"
Testing message: "This is a longer test message for SM2 encryption verification."
  Java ciphertext length: 159 bytes
JS decrypting ciphertext of length: 159
JS private key: 45e6aa7b9261daf8d2dcaf4b9c8a8bce2f8f5b668deb49ed8bb0cc9caed585ef
JS decrypted text: This is a longer test message for SM2 encryption verification.
  ✓ Successfully decrypted: "This is a longer test message for SM2 encryption verification."
Testing message: "SM2加密测试消息，包含中文字符！"
  Java ciphertext length: 142 bytes
JS decrypting ciphertext of length: 142
JS private key: 45e6aa7b9261daf8d2dcaf4b9c8a8bce2f8f5b668deb49ed8bb0cc9caed585ef
JS decrypted text: SM2加密测试消息，包含中文字符！
  ✓ Successfully decrypted: "SM2加密测试消息，包含中文字符！"
Skipping empty message (SM2 requires non-empty input)
✓ All Java encrypt → JavaScript decrypt tests passed
]]></system-out>
    <system-err><![CDATA[[To redirect Truffle log output to a file use one of the following options:
* '--log.file=<path>' if the option is passed using a guest language launcher.
* '-Dpolyglot.log.file=<path>' if the option is passed using the host Java launcher.
* Configure logging using the polyglot embedding API.]
[engine] WARNING: The polyglot engine uses a fallback runtime that does not support runtime compilation to native code.
Execution without runtime compilation will negatively impact the guest application performance.
The following cause was found: JVMCI is required to enable optimizations. Pass -XX:+EnableJVMCI as a virtual machine argument to the java executable to resolve this.
For more information see: https://www.graalvm.org/latest/reference-manual/embed-languages/.
To disable this warning use the '--engine.WarnInterpreterOnly=false' option or the '-Dpolyglot.engine.WarnInterpreterOnly=false' system property.
]]></system-err>
  </testcase>
</testsuite>