<?xml version="1.0" encoding="UTF-8"?>
<testsuite xmlns:xsi="http://www.w3.org/2001/XMLSchema-instance" xsi:noNamespaceSchemaLocation="https://maven.apache.org/surefire/maven-surefire-plugin/xsd/surefire-test-report-3.0.xsd" version="3.0" name="com.sm.bc.graalvm.SM3DigestInteropTest" time="0.136" tests="5" errors="0" skipped="0" failures="0">
  <properties>
[...]
</properties>
  <testcase name="testDigestCloningAndReset" classname="com.sm.bc.graalvm.SM3DigestInteropTest" time="0.02">
    <system-out><![CDATA[Successfully loaded SM-BC library with exports: [AbstractECMultiplier, Arrays, AsymmetricKeyParameter, BigIntegers, Bytes, CoordinateSystem, CryptoException, DataLengthException, ECConstants, ECCurveAbstractFp, ECCurveFp, ECDomainParameters, ECFieldElement, ECFieldElementFp, ECKeyParameters, ECPointAbstractFp, ECPointFp, ECPrivateKeyParameters, ECPublicKeyParameters, FixedPointCombMultiplier, Integers, InvalidCipherTextException, KDF, Pack, ParametersWithRandom, SM2, SM2Engine, SM2Mode, SM2Signer, SM3Digest, SecureRandom, SimpleECMultiplier]

=== Testing Digest Cloning and Reset ===
✓ Digest cloning supported and working correctly
Testing digest reset functionality...
  ✓ Digest reset functionality working correctly
]]></system-out>
    <system-err><![CDATA[[To redirect Truffle log output to a file use one of the following options:
* '--log.file=<path>' if the option is passed using a guest language launcher.
* '-Dpolyglot.log.file=<path>' if the option is passed using the host Java launcher.
* Configure logging using the polyglot embedding API.]
[engine] WARNING: The polyglot engine uses a fallback runtime that does not support runtime compilation to native code.
Execution without runtime compilation will negatively impact the guest application performance.
The following cause was found: JVMCI is required to enable optimizations. Pass -XX:+EnableJVMCI as a virtual machine argument to the java executable to resolve this.
For more information see: https://www.graalvm.org/latest/reference-manual/embed-languages/.
To disable this warning use the '--engine.WarnInterpreterOnly=false' option or the '-Dpolyglot.engine.WarnInterpreterOnly=false' system property.
]]></system-err>
  </testcase>
  <testcase name="testStandardTestVectors" classname="com.sm.bc.graalvm.SM3DigestInteropTest" time="0.022">
    <system-out><![CDATA[Successfully loaded SM-BC library with exports: [AbstractECMultiplier, Arrays, AsymmetricKeyParameter, BigIntegers, Bytes, CoordinateSystem, CryptoException, DataLengthException, ECConstants, ECCurveAbstractFp, ECCurveFp, ECDomainParameters, ECFieldElement, ECFieldElementFp, ECKeyParameters, ECPointAbstractFp, ECPointFp, ECPrivateKeyParameters, ECPublicKeyParameters, FixedPointCombMultiplier, Integers, InvalidCipherTextException, KDF, Pack, ParametersWithRandom, SM2, SM2Engine, SM2Mode, SM2Signer, SM3Digest, SecureRandom, SimpleECMultiplier]

=== Testing Standard SM3 Test Vectors ===
Test vector 1: ""
  ✓ Both implementations match expected: 1ab21d8355cfa17f8e61194831e81a8f22bec8c728fefb747ed035eb5082aa2b
Test vector 2: "a"
  ✓ Both implementations match expected: 623476ac18f65a2909e43c7fec61b49c7e764a91a18ccb82f1917a29c86c5e88
Test vector 3: "abc"
  ✓ Both implementations match expected: 66c7f0f462eeedd9d1f2d46bdc10e4e24167c4875cf2f7a2297da02b8f4ba8e0
Test vector 4: "abcdabcdabcdabcdabcdabcdabcdabcdabcdabcdabcdabcdabcdabcdabcdabcd"
  ✓ Both implementations match expected: debe9ff92275b8a138604889c18e5a4d6fdb70e5387e5765293dcba39c0c5732
✓ All standard test vectors passed
]]></system-out>
    <system-err><![CDATA[[To redirect Truffle log output to a file use one of the following options:
* '--log.file=<path>' if the option is passed using a guest language launcher.
* '-Dpolyglot.log.file=<path>' if the option is passed using the host Java launcher.
* Configure logging using the polyglot embedding API.]
[engine] WARNING: The polyglot engine uses a fallback runtime that does not support runtime compilation to native code.
Execution without runtime compilation will negatively impact the guest application performance.
The following cause was found: JVMCI is required to enable optimizations. Pass -XX:+EnableJVMCI as a virtual machine argument to the java executable to resolve this.
For more information see: https://www.graalvm.org/latest/reference-manual/embed-languages/.
To disable this warning use the '--engine.WarnInterpreterOnly=false' option or the '-Dpolyglot.engine.WarnInterpreterOnly=false' system property.
]]></system-err>
  </testcase>
  <testcase name="testCrossImplementationVerification" classname="com.sm.bc.graalvm.SM3DigestInteropTest" time="0.034">
    <system-out><![CDATA[Successfully loaded SM-BC library with exports: [AbstractECMultiplier, Arrays, AsymmetricKeyParameter, BigIntegers, Bytes, CoordinateSystem, CryptoException, DataLengthException, ECConstants, ECCurveAbstractFp, ECCurveFp, ECDomainParameters, ECFieldElement, ECFieldElementFp, ECKeyParameters, ECPointAbstractFp, ECPointFp, ECPrivateKeyParameters, ECPublicKeyParameters, FixedPointCombMultiplier, Integers, InvalidCipherTextException, KDF, Pack, ParametersWithRandom, SM2, SM2Engine, SM2Mode, SM2Signer, SM3Digest, SecureRandom, SimpleECMultiplier]

=== Testing Cross-Implementation Verification ===
Testing message: "Hello SM3!"
  ✓ Both implementations agree: d2ed97bcbd29e328e82df62c2fc586c69391dd13a09ce0af1019a06bc08115dc
Testing message: "The quick brown fox jumps over the lazy dog"
  ✓ Both implementations agree: 5fdfe814b8573ca021983970fc79b2218c9570369b4859684e2e4c3fc76cb8ea
Testing message: "SM3哈希算法测试消息"
  ✓ Both implementations agree: 591474dd03a0a6812b18464e8915003243a99355dcc31291df7e0efa3d7901e2
Testing message: "AAAAAAAAAAAAAAAAAAAAAAAAAAAAAAAAAAAAAAAAAAAAAAA..."
  ✓ Both implementations agree: befa526eeddb8f1000e02e02fead83fb44b3674e676530d9ef985e40f7af0397
Testing message: ""
  ✓ Both implementations agree: 1ab21d8355cfa17f8e61194831e81a8f22bec8c728fefb747ed035eb5082aa2b
✓ Cross-implementation verification passed
]]></system-out>
    <system-err><![CDATA[[To redirect Truffle log output to a file use one of the following options:
* '--log.file=<path>' if the option is passed using a guest language launcher.
* '-Dpolyglot.log.file=<path>' if the option is passed using the host Java launcher.
* Configure logging using the polyglot embedding API.]
[engine] WARNING: The polyglot engine uses a fallback runtime that does not support runtime compilation to native code.
Execution without runtime compilation will negatively impact the guest application performance.
The following cause was found: JVMCI is required to enable optimizations. Pass -XX:+EnableJVMCI as a virtual machine argument to the java executable to resolve this.
For more information see: https://www.graalvm.org/latest/reference-manual/embed-languages/.
To disable this warning use the '--engine.WarnInterpreterOnly=false' option or the '-Dpolyglot.engine.WarnInterpreterOnly=false' system property.
]]></system-err>
  </testcase>
  <testcase name="testEdgeCases" classname="com.sm.bc.graalvm.SM3DigestInteropTest" time="0.027">
    <system-out><![CDATA[Successfully loaded SM-BC library with exports: [AbstractECMultiplier, Arrays, AsymmetricKeyParameter, BigIntegers, Bytes, CoordinateSystem, CryptoException, DataLengthException, ECConstants, ECCurveAbstractFp, ECCurveFp, ECDomainParameters, ECFieldElement, ECFieldElementFp, ECKeyParameters, ECPointAbstractFp, ECPointFp, ECPrivateKeyParameters, ECPublicKeyParameters, FixedPointCombMultiplier, Integers, InvalidCipherTextException, KDF, Pack, ParametersWithRandom, SM2, SM2Engine, SM2Mode, SM2Signer, SM3Digest, SecureRandom, SimpleECMultiplier]

=== Testing Edge Cases ===
Testing 1MB message...
  Java hash for 1MB: 1451f52cedfadec9246c5a0fd92ab9669fc2a51540a9c2390a75630ede8bf868
  ✓ Large message handled successfully
Testing binary data with all byte values...
  ✓ Binary data handled correctly: 59d171dbfd251d5a4cd77d6ba2b7109b7d64a4cd7fa8182beb100a016fa3ac44
Testing repeated digest operations...
  ✓ Repeated operations produce consistent results
✓ All edge cases handled correctly
]]></system-out>
    <system-err><![CDATA[[To redirect Truffle log output to a file use one of the following options:
* '--log.file=<path>' if the option is passed using a guest language launcher.
* '-Dpolyglot.log.file=<path>' if the option is passed using the host Java launcher.
* Configure logging using the polyglot embedding API.]
[engine] WARNING: The polyglot engine uses a fallback runtime that does not support runtime compilation to native code.
Execution without runtime compilation will negatively impact the guest application performance.
The following cause was found: JVMCI is required to enable optimizations. Pass -XX:+EnableJVMCI as a virtual machine argument to the java executable to resolve this.
For more information see: https://www.graalvm.org/latest/reference-manual/embed-languages/.
To disable this warning use the '--engine.WarnInterpreterOnly=false' option or the '-Dpolyglot.engine.WarnInterpreterOnly=false' system property.
]]></system-err>
  </testcase>
  <testcase name="testIncrementalDigest" classname="com.sm.bc.graalvm.SM3DigestInteropTest" time="0.025">
    <system-out><![CDATA[Successfully loaded SM-BC library with exports: [AbstractECMultiplier, Arrays, AsymmetricKeyParameter, BigIntegers, Bytes, CoordinateSystem, CryptoException, DataLengthException, ECConstants, ECCurveAbstractFp, ECCurveFp, ECDomainParameters, ECFieldElement, ECFieldElementFp, ECKeyParameters, ECPointAbstractFp, ECPointFp, ECPrivateKeyParameters, ECPublicKeyParameters, FixedPointCombMultiplier, Integers, InvalidCipherTextException, KDF, Pack, ParametersWithRandom, SM2, SM2Engine, SM2Mode, SM2Signer, SM3Digest, SecureRandom, SimpleECMultiplier]

=== Testing Incremental Digest Updates ===
✓ Incremental digest computation verified
  Full message hash: e17fa98ed72a7dfd3466a746f478114442adae7d2222f3207ebe0273f45d5a1b
  Incremental hash:  e17fa98ed72a7dfd3466a746f478114442adae7d2222f3207ebe0273f45d5a1b
]]></system-out>
    <system-err><![CDATA[[To redirect Truffle log output to a file use one of the following options:
* '--log.file=<path>' if the option is passed using a guest language launcher.
* '-Dpolyglot.log.file=<path>' if the option is passed using the host Java launcher.
* Configure logging using the polyglot embedding API.]
[engine] WARNING: The polyglot engine uses a fallback runtime that does not support runtime compilation to native code.
Execution without runtime compilation will negatively impact the guest application performance.
The following cause was found: JVMCI is required to enable optimizations. Pass -XX:+EnableJVMCI as a virtual machine argument to the java executable to resolve this.
For more information see: https://www.graalvm.org/latest/reference-manual/embed-languages/.
To disable this warning use the '--engine.WarnInterpreterOnly=false' option or the '-Dpolyglot.engine.WarnInterpreterOnly=false' system property.
]]></system-err>
  </testcase>
</testsuite>